Determining if the pthread_create exist failed with the following output:
Change Dir: /home/dianpeng/lavascript/dep/zydis-2.0.0-alpha2/build/CMakeFiles/CMakeTmp

Run Build Command:"/usr/bin/make" "cmTC_40eb7/fast"
/usr/bin/make -f CMakeFiles/cmTC_40eb7.dir/build.make CMakeFiles/cmTC_40eb7.dir/build
make[1]: Entering directory '/home/dianpeng/lavascript/dep/zydis-2.0.0-alpha2/build/CMakeFiles/CMakeTmp'
Building C object CMakeFiles/cmTC_40eb7.dir/CheckSymbolExists.c.o
/usr/bin/cc     -o CMakeFiles/cmTC_40eb7.dir/CheckSymbolExists.c.o   -c /home/dianpeng/lavascript/dep/zydis-2.0.0-alpha2/build/CMakeFiles/CMakeTmp/CheckSymbolExists.c
Linking C executable cmTC_40eb7
/usr/bin/cmake -E cmake_link_script CMakeFiles/cmTC_40eb7.dir/link.txt --verbose=1
/usr/bin/cc       CMakeFiles/cmTC_40eb7.dir/CheckSymbolExists.c.o  -o cmTC_40eb7 -rdynamic 
CMakeFiles/cmTC_40eb7.dir/CheckSymbolExists.c.o: In function `main':
CheckSymbolExists.c:(.text+0x16): undefined reference to `pthread_create'
collect2: error: ld returned 1 exit status
CMakeFiles/cmTC_40eb7.dir/build.make:97: recipe for target 'cmTC_40eb7' failed
make[1]: *** [cmTC_40eb7] Error 1
make[1]: Leaving directory '/home/dianpeng/lavascript/dep/zydis-2.0.0-alpha2/build/CMakeFiles/CMakeTmp'
Makefile:126: recipe for target 'cmTC_40eb7/fast' failed
make: *** [cmTC_40eb7/fast] Error 2

File /home/dianpeng/lavascript/dep/zydis-2.0.0-alpha2/build/CMakeFiles/CMakeTmp/CheckSymbolExists.c:
/* */
#include <pthread.h>

int main(int argc, char** argv)
{
  (void)argv;
#ifndef pthread_create
  return ((int*)(&pthread_create))[argc];
#else
  (void)argc;
  return 0;
#endif
}

Determining if the function pthread_create exists in the pthreads failed with the following output:
Change Dir: /home/dianpeng/lavascript/dep/zydis-2.0.0-alpha2/build/CMakeFiles/CMakeTmp

Run Build Command:"/usr/bin/make" "cmTC_76589/fast"
/usr/bin/make -f CMakeFiles/cmTC_76589.dir/build.make CMakeFiles/cmTC_76589.dir/build
make[1]: Entering directory '/home/dianpeng/lavascript/dep/zydis-2.0.0-alpha2/build/CMakeFiles/CMakeTmp'
Building C object CMakeFiles/cmTC_76589.dir/CheckFunctionExists.c.o
/usr/bin/cc    -DCHECK_FUNCTION_EXISTS=pthread_create   -o CMakeFiles/cmTC_76589.dir/CheckFunctionExists.c.o   -c /usr/share/cmake-3.5/Modules/CheckFunctionExists.c
Linking C executable cmTC_76589
/usr/bin/cmake -E cmake_link_script CMakeFiles/cmTC_76589.dir/link.txt --verbose=1
/usr/bin/cc   -DCHECK_FUNCTION_EXISTS=pthread_create    CMakeFiles/cmTC_76589.dir/CheckFunctionExists.c.o  -o cmTC_76589 -rdynamic -lpthreads 
/usr/bin/ld: cannot find -lpthreads
collect2: error: ld returned 1 exit status
CMakeFiles/cmTC_76589.dir/build.make:97: recipe for target 'cmTC_76589' failed
make[1]: *** [cmTC_76589] Error 1
make[1]: Leaving directory '/home/dianpeng/lavascript/dep/zydis-2.0.0-alpha2/build/CMakeFiles/CMakeTmp'
Makefile:126: recipe for target 'cmTC_76589/fast' failed
make: *** [cmTC_76589/fast] Error 2


